<?xml version="1.0" encoding="UTF-8"?>
<!-- Generated by org.testng.reporters.JUnitXMLReporter -->
<testsuite ignored="0" hostname="LAPTOP-KR21DU6T" failures="0" tests="4" name="Test" time="0.194" errors="0" timestamp="2020-05-23T19:55:43 IST">
  <testcase classname="qaclickacademy.Mavenjava.AppTest" name="shouldAnswerWithTrue" time="0.018"/>
  <testcase classname="qaclickacademy.Mavenjava.seleniumTest" name="test1" time="0.002"/>
  <testcase classname="qaclickacademy.Mavenjava.restapiTest" name="test3" time="0.002"/>
  <testcase classname="qaclickacademy.Mavenjava.appiumTest" name="test2" time="0.003"/>
</testsuite> <!-- Test -->
