<?xml version="1.0" encoding="UTF-8"?>
<testng-results ignored="0" total="2" passed="2" failed="0" skipped="0">
  <reporter-output>
  </reporter-output>
  <suite started-at="2020-05-25T07:54:43Z" name="Suite" finished-at="2020-05-25T07:54:43Z" duration-ms="83">
    <groups>
    </groups>
    <test started-at="2020-05-25T07:54:43Z" name="Test" finished-at="2020-05-25T07:54:43Z" duration-ms="83">
      <class name="qaclickacademy.Mavenjava.seleniumTest">
        <test-method signature="test1()[pri:0, instance:qaclickacademy.Mavenjava.seleniumTest@1b11171f]" started-at="2020-05-25T07:54:43Z" name="test1" finished-at="2020-05-25T07:54:43Z" duration-ms="21" status="PASS">
          <reporter-output>
          </reporter-output>
        </test-method> <!-- test1 -->
      </class> <!-- qaclickacademy.Mavenjava.seleniumTest -->
      <class name="qaclickacademy.Mavenjava.restapiTest">
        <test-method signature="test3()[pri:0, instance:qaclickacademy.Mavenjava.restapiTest@1151e434]" started-at="2020-05-25T07:54:43Z" name="test3" finished-at="2020-05-25T07:54:43Z" duration-ms="1" status="PASS">
          <reporter-output>
          </reporter-output>
        </test-method> <!-- test3 -->
      </class> <!-- qaclickacademy.Mavenjava.restapiTest -->
    </test> <!-- Test -->
  </suite> <!-- Suite -->
</testng-results>
