<?xml version="1.0" encoding="UTF-8"?>
<testng-results ignored="0" total="4" passed="4" failed="0" skipped="0">
  <reporter-output>
  </reporter-output>
  <suite started-at="2020-05-23T19:55:43 IST" name="Suite" finished-at="2020-05-23T19:55:43 IST" duration-ms="194">
    <groups>
    </groups>
    <test started-at="2020-05-23T19:55:43 IST" name="Test" finished-at="2020-05-23T19:55:43 IST" duration-ms="194">
      <class name="qaclickacademy.Mavenjava.seleniumTest">
        <test-method signature="test1()[pri:0, instance:qaclickacademy.Mavenjava.seleniumTest@12b0404f]" started-at="2020-05-23T19:55:43 IST" name="test1" finished-at="2020-05-23T19:55:43 IST" duration-ms="2" status="PASS">
          <reporter-output>
          </reporter-output>
        </test-method> <!-- test1 -->
      </class> <!-- qaclickacademy.Mavenjava.seleniumTest -->
      <class name="qaclickacademy.Mavenjava.AppTest">
        <test-method signature="shouldAnswerWithTrue()[pri:0, instance:qaclickacademy.Mavenjava.AppTest@419c5f1a]" started-at="2020-05-23T19:55:43 IST" name="shouldAnswerWithTrue" finished-at="2020-05-23T19:55:43 IST" duration-ms="18" status="PASS">
          <reporter-output>
          </reporter-output>
        </test-method> <!-- shouldAnswerWithTrue -->
      </class> <!-- qaclickacademy.Mavenjava.AppTest -->
      <class name="qaclickacademy.Mavenjava.restapiTest">
        <test-method signature="test3()[pri:0, instance:qaclickacademy.Mavenjava.restapiTest@769e7ee8]" started-at="2020-05-23T19:55:43 IST" name="test3" finished-at="2020-05-23T19:55:43 IST" duration-ms="2" status="PASS">
          <reporter-output>
          </reporter-output>
        </test-method> <!-- test3 -->
      </class> <!-- qaclickacademy.Mavenjava.restapiTest -->
      <class name="qaclickacademy.Mavenjava.appiumTest">
        <test-method signature="test2()[pri:0, instance:qaclickacademy.Mavenjava.appiumTest@5276e6b0]" started-at="2020-05-23T19:55:43 IST" name="test2" finished-at="2020-05-23T19:55:43 IST" duration-ms="3" status="PASS">
          <reporter-output>
          </reporter-output>
        </test-method> <!-- test2 -->
      </class> <!-- qaclickacademy.Mavenjava.appiumTest -->
    </test> <!-- Test -->
  </suite> <!-- Suite -->
</testng-results>
